Using pre-set license
Built from '2020.3/staging' branch; Version is '2020.3.25f1 (9b9180224418) revision 10195328'; Using compiler version '192528614'; Build Type 'Release'
OS: 'Windows 10  (10.0.19042) 64bit Professional' Language: 'en' Physical Memory: 8059 MB
BatchMode: 1, IsHumanControllingUs: 0, StartBugReporterOnCrash: 0, Is64bit: 1, IsPro: 0

COMMAND LINE ARGUMENTS:
C:\Program Files\Unity\Hub\Editor\2020.3.25f1\Editor\Unity.exe
-adb2
-batchMode
-noUpm
-name
AssetImportWorker1
-projectPath
C:/Users/P40 Yoga/Documents/Homework/CSCE492VR/module-2-VR-Unity/VR-module-2/RollaballVR
-logFile
Logs/AssetImportWorker1.log
-srvPort
61596
Successfully changed project path to: C:/Users/P40 Yoga/Documents/Homework/CSCE492VR/module-2-VR-Unity/VR-module-2/RollaballVR
C:/Users/P40 Yoga/Documents/Homework/CSCE492VR/module-2-VR-Unity/VR-module-2/RollaballVR
Using Asset Import Pipeline V2.
Unable to join player connection multicast group.
Refreshing native plugins compatible for Editor in 1253.66 ms, found 5 plugins.
Preloading 0 native plugins for Editor in 0.00 ms.
Initialize engine version: 2020.3.25f1 (9b9180224418)
[Subsystems] Discovering subsystems at path C:/Program Files/Unity/Hub/Editor/2020.3.25f1/Editor/Data/Resources/UnitySubsystems
[Subsystems] Discovering subsystems at path C:/Users/P40 Yoga/Documents/Homework/CSCE492VR/module-2-VR-Unity/VR-module-2/RollaballVR/Assets
GfxDevice: creating device client; threaded=0
Direct3D:
    Version:  Direct3D 11.0 [level 11.0]
    Renderer: NVIDIA Quadro M500M (ID=0x137a)
    Vendor:   
    VRAM:     2010 MB
    Driver:   27.21.14.6683
